<?xml version="1.0" encoding="UTF-8"?>
<!-- Generated by org.testng.reporters.JUnitReportReporter -->
<testsuite hostname="DESKTOP-LR7KCQT" failures="0" tests="1" name="Com.Mvn.Maven_Assignment_AutoFMQuiz.Q1Datadriven" time="75.250" errors="0" timestamp="2023-12-23T11:22:49 IST" skipped="0">
  <testcase classname="Com.Mvn.Maven_Assignment_AutoFMQuiz.Q1Datadriven" name="test" time="75.250"/>
</testsuite> <!-- Com.Mvn.Maven_Assignment_AutoFMQuiz.Q1Datadriven -->
