<?xml version="1.0" encoding="UTF-8"?>
<!-- Generated by org.testng.reporters.JUnitReportReporter -->
<testsuite hostname="DESKTOP-LR7KCQT" failures="0" tests="1" name="Com.Mvn.Maven_Assignment_AutoFMQuiz.CreateSimpleP" time="6.279" errors="0" timestamp="2023-12-16T11:50:06 IST" skipped="0">
  <testcase classname="Com.Mvn.Maven_Assignment_AutoFMQuiz.CreateSimpleP" name="namecreate" time="6.279"/>
</testsuite> <!-- Com.Mvn.Maven_Assignment_AutoFMQuiz.CreateSimpleP -->
